<?xml version="1.0" encoding="UTF-8"?>
<!-- Generated by org.testng.reporters.JUnitReportReporter -->
<testsuite skipped="0" hostname="VELLALACHERVU" name="config.StartBrowser" tests="1" failures="0" timestamp="08 Oct 2019 20:30:59 GMT" time="2.119" errors="0">
  <testcase name="google" time="2.119" classname="config.StartBrowser"/>
</testsuite> <!-- config.StartBrowser -->
