<?xml version="1.0" encoding="UTF-8"?>
<!-- Generated by org.testng.reporters.JUnitReportReporter -->
<testsuite skipped="0" hostname="VELLALACHERVU" name="sample.CaptureScreen" tests="1" failures="0" timestamp="17 Oct 2019 17:15:06 GMT" time="31.145" errors="0">
  <testcase name="captured" time="31.145" classname="sample.CaptureScreen"/>
</testsuite> <!-- sample.CaptureScreen -->
