<?xml version="1.0" encoding="UTF-8"?>
<!-- Generated by org.testng.reporters.JUnitReportReporter -->
<testsuite skipped="0" hostname="VELLALACHERVU" name="scripts.Tc02" tests="1" failures="0" timestamp="10 Oct 2019 15:17:49 GMT" time="3.523" errors="0">
  <testcase name="testLogin_Logout" time="3.523" classname="scripts.Tc02"/>
</testsuite> <!-- scripts.Tc02 -->
